<?xml version="1.0" encoding="UTF-8"?>
<!-- Generated by org.testng.reporters.JUnitReportReporter -->
<testsuite hostname="HariRam" failures="0" tests="6" name="Planit.Tests.ContactPageTest" time="92.670" errors="0" timestamp="2023-09-24T22:03:02 AEST" skipped="0">
  <testcase classname="Planit.Tests.ContactPageTest" name="verifySuccessfulSubmissionMessage" time="7.257"/>
  <system-out/>
  <testcase classname="Planit.Tests.ContactPageTest" name="verifySuccessfulSubmissionMessage" time="7.320"/>
  <system-out/>
  <testcase classname="Planit.Tests.ContactPageTest" name="verifySuccessfulSubmissionMessage" time="19.468"/>
  <system-out/>
  <testcase classname="Planit.Tests.ContactPageTest" name="errorValidationsforMandatoryFields" time="34.911"/>
  <system-out/>
  <testcase classname="Planit.Tests.ContactPageTest" name="verifySuccessfulSubmissionMessage" time="17.518"/>
  <system-out/>
  <testcase classname="Planit.Tests.ContactPageTest" name="verifySuccessfulSubmissionMessage" time="6.196"/>
  <system-out/>
</testsuite> <!-- Planit.Tests.ContactPageTest -->
