<?xml version="1.0" encoding="UTF-8"?>
<!-- Generated by org.testng.reporters.JUnitReportReporter -->
<testsuite hostname="HariRam" failures="0" tests="1" name="Planit.Tests.PurchaseOrderTest" time="7.759" errors="0" timestamp="2023-09-24T22:03:02 AEST" skipped="0">
  <testcase classname="Planit.Tests.PurchaseOrderTest" name="verifyProductsInCart" time="7.759"/>
  <system-out/>
</testsuite> <!-- Planit.Tests.PurchaseOrderTest -->
