<?xml version="1.0" encoding="UTF-8"?>
<!-- Generated by org.testng.reporters.JUnitReportReporter -->
<testsuite hostname="HariRam" failures="0" tests="5" name="Planit.Tests.JupiterToysTest" time="60.051" errors="0" timestamp="22 Sept 2023 16:00:21 GMT" skipped="0">
  <testcase classname="Planit.Tests.JupiterToysTest" name="verifySubmitDetails" time="4.624"/>
  <testcase classname="Planit.Tests.JupiterToysTest" name="verifySubmitDetails" time="20.366"/>
  <testcase classname="Planit.Tests.JupiterToysTest" name="verifySubmitDetails" time="14.421"/>
  <testcase classname="Planit.Tests.JupiterToysTest" name="verifySubmitDetails" time="5.554"/>
  <testcase classname="Planit.Tests.JupiterToysTest" name="verifySubmitDetails" time="15.086"/>
</testsuite> <!-- Planit.Tests.JupiterToysTest -->
